2025-03-02 08:58:10 INFO System boot initiated
2025-03-02 08:58:25 INFO Network interface eth0 up
2025-03-02 08:58:33 INFO Kernel modules loaded successfully
2025-03-02 08:59:01 INFO User 'admin' logged in from 192.168.1.10
2025-03-02 08:59:45 INFO Service 'mysql' started successfully
2025-03-02 09:00:13 INFO Service 'nginx' started successfully
2025-03-02 09:00:59 INFO Connection established with remote API
2025-03-02 09:01:21 INFO Cron job '/usr/local/cleanup.sh' executed successfully
2025-03-02 09:01:55 INFO User 'maria' uploaded file 'data.csv' (2.3MB)
2025-03-02 09:02:14 INFO Scheduled backup started
2025-03-02 09:02:30 INFO Disk usage check: /dev/sda1 at 65%
2025-03-02 09:02:46 INFO System time synchronized with NTP server
2025-03-02 09:03:11 INFO CPU load average: 0.42
2025-03-02 09:03:33 INFO SSH connection closed for user 'admin'
2025-03-02 09:03:49 INFO Process 'syslogd' reloaded configuration
2025-03-02 09:04:05 WARNING Multiple failed logins for user 'root' from 77.22.11.19 (6 attempts)
2025-03-02 09:04:22 INFO Temporary files cleaned from /tmp
2025-03-02 09:04:43 INFO File '/etc/hosts' read successfully
2025-03-02 09:05:01 INFO Network latency: avg 24ms
2025-03-02 09:05:22 INFO User 'john' logged out
2025-03-02 09:05:45 INFO System temperature normal (42°C)
2025-03-02 09:06:03 INFO Service 'rsyslog' running smoothly
2025-03-02 09:06:20 INFO Memory usage: 61%
2025-03-02 09:06:40 ERROR Unauthorized attempt to access '/etc/shadow'
2025-03-02 09:06:55 INFO Process 'auditd' verified integrity
2025-03-02 09:07:10 INFO File '/var/log/messages' rotated
2025-03-02 09:07:22 INFO SSH session opened for user 'admin'
2025-03-02 09:07:37 INFO Configuration file '/etc/resolv.conf' updated
2025-03-02 09:07:52 INFO Network interface eth1 checked (OK)
2025-03-02 09:08:19 CRITICAL Suspicious process 'crypto_mine' detected under user 'nobody'
2025-03-02 09:08:41 INFO Firewall rules reloaded successfully
2025-03-02 09:08:59 INFO Scheduled job 'update.sh' completed in 3.2s
2025-03-02 09:09:20 INFO Disk /dev/sdb health: PASSED
2025-03-02 09:09:43 INFO User 'maria' changed password
2025-03-02 09:10:11 INFO Backup verification completed successfully
2025-03-02 09:10:40 INFO Service 'cron' restarted
2025-03-02 09:11:03 INFO File permissions verified under /etc
2025-03-02 09:11:29 INFO Kernel message buffer cleared
2025-03-02 09:11:51 INFO User 'john' logged in from 192.168.1.12
2025-03-02 09:12:15 ALERT User 'guest' gained sudo privileges unexpectedly
2025-03-02 09:12:39 INFO Security audit: no issues found
2025-03-02 09:12:58 INFO Cron executed 'check_services.sh'
2025-03-02 09:13:23 INFO Disk usage check: /dev/sda1 at 66%
2025-03-02 09:13:47 INFO User 'admin' logged out
2025-03-02 09:14:08 INFO System temperature stable (44°C)
2025-03-02 09:14:27 INFO Swap usage: 8%
2025-03-02 09:14:55 INFO Service 'sshd' active
2025-03-02 09:15:20 WARNING Unexpected file change in '/var/log/auth.log'
2025-03-02 09:15:42 INFO User 'deploy' added SSH key
2025-03-02 09:16:00 INFO File 'config.yml' saved successfully
2025-03-02 09:16:24 INFO System load average: 0.39
2025-03-02 09:16:46 INFO Antivirus scan completed, no threats found
2025-03-02 09:17:13 INFO Network interface eth0 traffic normal
2025-03-02 09:17:35 INFO Backup file verified: checksum match
2025-03-02 09:17:59 INFO Docker container 'app01' restarted
2025-03-02 09:18:25 CRITICAL High CPU usage (97%) from process 'python3 /tmp/update.py'
2025-03-02 09:18:44 INFO CPU load returned to 0.53
2025-03-02 09:19:05 INFO Process 'rsync' completed successfully
2025-03-02 09:19:28 INFO SSH session ended for 'maria'
2025-03-02 09:19:55 INFO Process 'backup.sh' executed (duration: 15m)
2025-03-02 09:20:10 INFO Disk health report clean
2025-03-02 09:20:31 INFO Service 'nginx' active on port 80
2025-03-02 09:20:59 INFO Log rotation check complete
2025-03-02 09:21:22 INFO Firewall: all rules operational
2025-03-02 09:21:40 INFO User 'john' changed settings in '/home/john/.bashrc'
2025-03-02 09:21:58 INFO Memory usage stable: 57%
2025-03-02 09:22:19 WARNING Large data transfer (4.8GB) to 91.120.44.22 detected
2025-03-02 09:22:43 INFO Swap usage normal
2025-03-02 09:23:07 INFO Temperature check passed
2025-03-02 09:23:31 INFO User 'admin' logged in from 192.168.1.11
2025-03-02 09:23:52 INFO Network latency: avg 21ms
2025-03-02 09:24:16 INFO Process 'cleanup_temp.sh' executed
2025-03-02 09:24:37 INFO HTTP check for internal API: OK
2025-03-02 09:24:59 INFO File '/etc/ssh/sshd_config' read successfully
2025-03-02 09:25:21 INFO Backup schedule validated
2025-03-02 09:25:44 INFO Disk usage check: /dev/sda1 at 67%
2025-03-02 09:26:12 INFO Network routing table verified
2025-03-02 09:26:34 INFO System update check: no updates available
2025-03-02 09:26:58 INFO User 'john' logged out
2025-03-02 09:27:15 ALERT Unauthorized script '/tmp/xminer.sh' executed
2025-03-02 09:27:37 INFO CPU load normalized
2025-03-02 09:28:01 INFO Firewall rules unchanged
2025-03-02 09:28:26 INFO User 'maria' uploaded 'invoice.pdf' (1.1MB)
2025-03-02 09:28:51 INFO SSH connection from 192.168.1.13 established
2025-03-02 09:29:10 INFO Process 'nginx' memory usage: 122MB
2025-03-02 09:29:39 INFO File permissions verified in /usr/local/bin
2025-03-02 09:30:01 INFO Log archive compressed successfully
2025-03-02 09:30:29 INFO Backup job completed successfully
2025-03-02 09:30:53 INFO System status normal
2025-03-02 09:31:19 INFO CPU temp: 43°C
2025-03-02 09:31:40 INFO Disk usage check: /dev/sda1 at 68%
2025-03-02 09:32:07 INFO SSH connection closed for 'admin'
2025-03-02 09:32:31 INFO Network latency stable (23ms)
2025-03-02 09:32:58 INFO Firewall policy check: OK
2025-03-02 09:33:19 INFO System shutdown initiated by user 'admin'